{"/home/bridgeit/Shweta/fundooNotes/frontend/src/App.js": {"path":"/home/bridgeit/Shweta/fundooNotes/frontend/src/App.js","statementMap":{"0":{"start":{"line":12,"column":4},"end":{"line":25,"column":6}}},"fnMap":{"0":{"name":"(anonymous_0)","decl":{"start":{"line":11,"column":2},"end":{"line":11,"column":3}},"loc":{"start":{"line":11,"column":11},"end":{"line":26,"column":3}},"line":11}},"branchMap":{},"s":{"0":1},"f":{"0":1},"b":{},"_coverageSchema":"332fd63041d2c1bcb487cc26dd0d5f7d97098a6c","hash":"52366c4973f4e4b0f08103265634d8f29f8a41ea"}
,"/home/bridgeit/Shweta/fundooNotes/frontend/src/index.js": {"path":"/home/bridgeit/Shweta/fundooNotes/frontend/src/index.js","statementMap":{"0":{"start":{"line":1,"column":0},"end":{"line":null,"column":-1}},"1":{"start":{"line":2,"column":0},"end":{"line":null,"column":-1}},"2":{"start":{"line":3,"column":0},"end":{"line":null,"column":-1}},"3":{"start":{"line":4,"column":0},"end":{"line":null,"column":-1}},"4":{"start":{"line":5,"column":0},"end":{"line":null,"column":-1}},"5":{"start":{"line":12,"column":0},"end":{"line":null,"column":-1}}},"fnMap":{},"branchMap":{},"s":{"0":0,"1":0,"2":0,"3":0,"4":0,"5":0},"f":{},"b":{}}
,"/home/bridgeit/Shweta/fundooNotes/frontend/src/serviceWorker.js": {"path":"/home/bridgeit/Shweta/fundooNotes/frontend/src/serviceWorker.js","statementMap":{"0":{"start":{"line":13,"column":20},"end":{"line":13,"column":0}},"1":{"start":{"line":24,"column":2},"end":{"line":54,"column":3}},"2":{"start":{"line":26,"column":22},"end":{"line":26,"column":4}},"3":{"start":{"line":27,"column":4},"end":{"line":32,"column":5}},"4":{"start":{"line":31,"column":6},"end":{"line":null,"column":-1}},"5":{"start":{"line":34,"column":4},"end":{"line":null,"column":-1}},"6":{"start":{"line":35,"column":21},"end":{"line":35,"column":6}},"7":{"start":{"line":37,"column":6},"end":{"line":52,"column":7}},"8":{"start":{"line":39,"column":8},"end":{"line":37,"column":23}},"9":{"start":{"line":43,"column":8},"end":{"line":null,"column":-1}},"10":{"start":{"line":44,"column":10},"end":{"line":null,"column":-1}},"11":{"start":{"line":51,"column":8},"end":{"line":null,"column":-1}},"12":{"start":{"line":58,"column":2},"end":{"line":null,"column":-1}},"13":{"start":{"line":61,"column":6},"end":{"line":null,"column":-1}},"14":{"start":{"line":62,"column":33},"end":{"line":62,"column":8}},"15":{"start":{"line":63,"column":8},"end":{"line":65,"column":9}},"16":{"start":{"line":64,"column":10},"end":{"line":null,"column":-1}},"17":{"start":{"line":66,"column":8},"end":{"line":null,"column":-1}},"18":{"start":{"line":67,"column":10},"end":{"line":92,"column":11}},"19":{"start":{"line":68,"column":12},"end":{"line":91,"column":13}},"20":{"start":{"line":72,"column":14},"end":{"line":68,"column":52}},"21":{"start":{"line":78,"column":14},"end":{"line":80,"column":15}},"22":{"start":{"line":79,"column":16},"end":{"line":null,"column":-1}},"23":{"start":{"line":85,"column":14},"end":{"line":81,"column":19}},"24":{"start":{"line":88,"column":14},"end":{"line":90,"column":15}},"25":{"start":{"line":89,"column":16},"end":{"line":null,"column":-1}},"26":{"start":{"line":97,"column":6},"end":{"line":null,"column":-1}},"27":{"start":{"line":103,"column":2},"end":{"line":null,"column":-1}},"28":{"start":{"line":106,"column":26},"end":{"line":106,"column":6}},"29":{"start":{"line":107,"column":6},"end":{"line":120,"column":7}},"30":{"start":{"line":112,"column":8},"end":{"line":null,"column":-1}},"31":{"start":{"line":113,"column":10},"end":{"line":null,"column":-1}},"32":{"start":{"line":114,"column":12},"end":{"line":null,"column":-1}},"33":{"start":{"line":119,"column":8},"end":{"line":null,"column":-1}},"34":{"start":{"line":123,"column":6},"end":{"line":null,"column":-1}},"35":{"start":{"line":130,"column":2},"end":{"line":134,"column":3}},"36":{"start":{"line":131,"column":4},"end":{"line":null,"column":-1}},"37":{"start":{"line":132,"column":6},"end":{"line":null,"column":-1}}},"fnMap":{"0":{"name":"register","decl":{"start":{"line":23,"column":16},"end":{"line":23,"column":7}},"loc":{"start":{"line":23,"column":33},"end":{"line":55,"column":1}}},"1":{"name":"(anonymous_1)","decl":{"start":{"line":34,"column":36},"end":{"line":34,"column":41}},"loc":{"start":{"line":34,"column":42},"end":{"line":34,"column":4}}},"2":{"name":"(anonymous_2)","decl":{"start":{"line":43,"column":43},"end":{"line":43,"column":48}},"loc":{"start":{"line":43,"column":49},"end":{"line":43,"column":8}}},"3":{"name":"registerValidSW","decl":{"start":{"line":57,"column":9},"end":{"line":57,"column":0}},"loc":{"start":{"line":57,"column":40},"end":{"line":99,"column":1}}},"4":{"name":"(anonymous_4)","decl":{"start":{"line":60,"column":10},"end":{"line":60,"column":21}},"loc":{"start":{"line":60,"column":26},"end":{"line":58,"column":2}}},"5":{"name":"(anonymous_5)","decl":{"start":{"line":61,"column":35},"end":{"line":61,"column":40}},"loc":{"start":{"line":61,"column":41},"end":{"line":61,"column":6}}},"6":{"name":"(anonymous_6)","decl":{"start":{"line":66,"column":41},"end":{"line":66,"column":46}},"loc":{"start":{"line":66,"column":47},"end":{"line":66,"column":8}}},"7":{"name":"(anonymous_7)","decl":{"start":{"line":96,"column":11},"end":{"line":96,"column":15}},"loc":{"start":{"line":96,"column":20},"end":{"line":58,"column":2}}},"8":{"name":"checkValidServiceWorker","decl":{"start":{"line":101,"column":9},"end":{"line":101,"column":0}},"loc":{"start":{"line":101,"column":48},"end":{"line":127,"column":1}}},"9":{"name":"(anonymous_9)","decl":{"start":{"line":104,"column":10},"end":{"line":104,"column":17}},"loc":{"start":{"line":104,"column":22},"end":{"line":103,"column":2}}},"10":{"name":"(anonymous_10)","decl":{"start":{"line":112,"column":43},"end":{"line":112,"column":54}},"loc":{"start":{"line":112,"column":59},"end":{"line":112,"column":8}}},"11":{"name":"(anonymous_11)","decl":{"start":{"line":113,"column":41},"end":{"line":113,"column":46}},"loc":{"start":{"line":113,"column":47},"end":{"line":113,"column":10}}},"12":{"name":"(anonymous_12)","decl":{"start":{"line":122,"column":11},"end":{"line":122,"column":16}},"loc":{"start":{"line":122,"column":17},"end":{"line":103,"column":2}}},"13":{"name":"unregister","decl":{"start":{"line":129,"column":16},"end":{"line":129,"column":7}},"loc":{"start":{"line":129,"column":29},"end":{"line":135,"column":1}}},"14":{"name":"(anonymous_14)","decl":{"start":{"line":131,"column":39},"end":{"line":131,"column":50}},"loc":{"start":{"line":131,"column":55},"end":{"line":131,"column":4}}}},"branchMap":{"0":{"loc":{"start":{"line":14,"column":2},"end":{"line":14,"column":1}},"type":"binary-expr","locations":[{"start":{"line":14,"column":2},"end":{"line":14,"column":1}},{"start":{"line":16,"column":4},"end":{"line":14,"column":2}},{"start":{"line":18,"column":4},"end":{"line":13,"column":27}}]},"1":{"loc":{"start":{"line":24,"column":2},"end":{"line":54,"column":3}},"type":"if","locations":[{"start":{"line":24,"column":2},"end":{"line":54,"column":3}},{"start":{"line":24,"column":2},"end":{"line":54,"column":3}}]},"2":{"loc":{"start":{"line":24,"column":6},"end":{"line":24,"column":5}},"type":"binary-expr","locations":[{"start":{"line":24,"column":6},"end":{"line":24,"column":5}},{"start":{"line":24,"column":47},"end":{"line":24,"column":2}}]},"3":{"loc":{"start":{"line":27,"column":4},"end":{"line":32,"column":5}},"type":"if","locations":[{"start":{"line":27,"column":4},"end":{"line":32,"column":5}},{"start":{"line":27,"column":4},"end":{"line":32,"column":5}}]},"4":{"loc":{"start":{"line":37,"column":6},"end":{"line":52,"column":7}},"type":"if","locations":[{"start":{"line":37,"column":6},"end":{"line":52,"column":7}},{"start":{"line":37,"column":6},"end":{"line":52,"column":7}}]},"5":{"loc":{"start":{"line":63,"column":8},"end":{"line":65,"column":9}},"type":"if","locations":[{"start":{"line":63,"column":8},"end":{"line":65,"column":9}},{"start":{"line":63,"column":8},"end":{"line":65,"column":9}}]},"6":{"loc":{"start":{"line":67,"column":10},"end":{"line":92,"column":11}},"type":"if","locations":[{"start":{"line":67,"column":10},"end":{"line":92,"column":11}},{"start":{"line":67,"column":10},"end":{"line":92,"column":11}}]},"7":{"loc":{"start":{"line":68,"column":12},"end":{"line":91,"column":13}},"type":"if","locations":[{"start":{"line":68,"column":12},"end":{"line":91,"column":13}},{"start":{"line":68,"column":12},"end":{"line":91,"column":13}}]},"8":{"loc":{"start":{"line":78,"column":14},"end":{"line":80,"column":15}},"type":"if","locations":[{"start":{"line":78,"column":14},"end":{"line":80,"column":15}},{"start":{"line":78,"column":14},"end":{"line":80,"column":15}}]},"9":{"loc":{"start":{"line":78,"column":18},"end":{"line":78,"column":24}},"type":"binary-expr","locations":[{"start":{"line":78,"column":18},"end":{"line":78,"column":24}},{"start":{"line":78,"column":28},"end":{"line":78,"column":14}}]},"10":{"loc":{"start":{"line":88,"column":14},"end":{"line":90,"column":15}},"type":"if","locations":[{"start":{"line":88,"column":14},"end":{"line":90,"column":15}},{"start":{"line":88,"column":14},"end":{"line":90,"column":15}}]},"11":{"loc":{"start":{"line":88,"column":18},"end":{"line":88,"column":24}},"type":"binary-expr","locations":[{"start":{"line":88,"column":18},"end":{"line":88,"column":24}},{"start":{"line":88,"column":28},"end":{"line":88,"column":14}}]},"12":{"loc":{"start":{"line":107,"column":6},"end":{"line":120,"column":7}},"type":"if","locations":[{"start":{"line":107,"column":6},"end":{"line":120,"column":7}},{"start":{"line":107,"column":6},"end":{"line":120,"column":7}}]},"13":{"loc":{"start":{"line":108,"column":8},"end":{"line":108,"column":7}},"type":"binary-expr","locations":[{"start":{"line":108,"column":8},"end":{"line":108,"column":7}},{"start":{"line":109,"column":9},"end":{"line":109,"column":8}},{"start":{"line":109,"column":32},"end":{"line":107,"column":6}}]},"14":{"loc":{"start":{"line":130,"column":2},"end":{"line":134,"column":3}},"type":"if","locations":[{"start":{"line":130,"column":2},"end":{"line":134,"column":3}},{"start":{"line":130,"column":2},"end":{"line":134,"column":3}}]}},"s":{"0":0,"1":0,"2":0,"3":0,"4":0,"5":0,"6":0,"7":0,"8":0,"9":0,"10":0,"11":0,"12":0,"13":0,"14":0,"15":0,"16":0,"17":0,"18":0,"19":0,"20":0,"21":0,"22":0,"23":0,"24":0,"25":0,"26":0,"27":0,"28":0,"29":0,"30":0,"31":0,"32":0,"33":0,"34":0,"35":0,"36":0,"37":0},"f":{"0":0,"1":0,"2":0,"3":0,"4":0,"5":0,"6":0,"7":0,"8":0,"9":0,"10":0,"11":0,"12":0,"13":0,"14":0},"b":{"0":[0,0,0],"1":[0,0],"2":[0,0],"3":[0,0],"4":[0,0],"5":[0,0],"6":[0,0],"7":[0,0],"8":[0,0],"9":[0,0],"10":[0,0],"11":[0,0],"12":[0,0],"13":[0,0,0],"14":[0,0]}}
,"/home/bridgeit/Shweta/fundooNotes/frontend/src/setupTests.js": {"path":"/home/bridgeit/Shweta/fundooNotes/frontend/src/setupTests.js","statementMap":{"0":{"start":{"line":1,"column":15},"end":{"line":1,"column":32}},"1":{"start":{"line":4,"column":22},"end":{"line":4,"column":56}},"2":{"start":{"line":6,"column":0},"end":{"line":6,"column":51}}},"fnMap":{},"branchMap":{},"s":{"0":5,"1":5,"2":5},"f":{},"b":{},"_coverageSchema":"332fd63041d2c1bcb487cc26dd0d5f7d97098a6c","hash":"5cc8a191e5c095c65ed75e56108846dd4514ea20"}
,"/home/bridgeit/Shweta/fundooNotes/frontend/src/components/dashboardComponent.jsx": {"path":"/home/bridgeit/Shweta/fundooNotes/frontend/src/components/dashboardComponent.jsx","statementMap":{"0":{"start":{"line":6,"column":8},"end":{"line":10,"column":9}}},"fnMap":{"0":{"name":"(anonymous_0)","decl":{"start":{"line":5,"column":4},"end":{"line":5,"column":5}},"loc":{"start":{"line":5,"column":13},"end":{"line":11,"column":5}},"line":5}},"branchMap":{},"s":{"0":0},"f":{"0":0},"b":{},"_coverageSchema":"332fd63041d2c1bcb487cc26dd0d5f7d97098a6c","hash":"e77cecfa2fdd7200993421a9e1aeb9611a50bf86"}
,"/home/bridgeit/Shweta/fundooNotes/frontend/src/components/forgetComponent.jsx": {"path":"/home/bridgeit/Shweta/fundooNotes/frontend/src/components/forgetComponent.jsx","statementMap":{"0":{"start":{"line":10,"column":8},"end":{"line":10,"column":20}},"1":{"start":{"line":11,"column":8},"end":{"line":14,"column":9}},"2":{"start":{"line":17,"column":25},"end":{"line":17,"column":43}},"3":{"start":{"line":18,"column":8},"end":{"line":18,"column":45}},"4":{"start":{"line":22,"column":8},"end":{"line":22,"column":31}},"5":{"start":{"line":23,"column":8},"end":{"line":33,"column":9}},"6":{"start":{"line":24,"column":12},"end":{"line":24,"column":87}},"7":{"start":{"line":26,"column":13},"end":{"line":33,"column":9}},"8":{"start":{"line":27,"column":12},"end":{"line":27,"column":79}},"9":{"start":{"line":32,"column":12},"end":{"line":32,"column":48}},"10":{"start":{"line":38,"column":8},"end":{"line":61,"column":9}}},"fnMap":{"0":{"name":"(anonymous_0)","decl":{"start":{"line":9,"column":4},"end":{"line":9,"column":5}},"loc":{"start":{"line":9,"column":23},"end":{"line":15,"column":5}},"line":9},"1":{"name":"(anonymous_1)","decl":{"start":{"line":16,"column":27},"end":{"line":16,"column":28}},"loc":{"start":{"line":16,"column":38},"end":{"line":19,"column":5}},"line":16},"2":{"name":"(anonymous_2)","decl":{"start":{"line":21,"column":19},"end":{"line":21,"column":20}},"loc":{"start":{"line":21,"column":30},"end":{"line":34,"column":5}},"line":21},"3":{"name":"(anonymous_3)","decl":{"start":{"line":36,"column":4},"end":{"line":36,"column":5}},"loc":{"start":{"line":36,"column":13},"end":{"line":62,"column":5}},"line":36}},"branchMap":{"0":{"loc":{"start":{"line":23,"column":8},"end":{"line":33,"column":9}},"type":"if","locations":[{"start":{"line":23,"column":8},"end":{"line":33,"column":9}},{"start":{"line":23,"column":8},"end":{"line":33,"column":9}}],"line":23},"1":{"loc":{"start":{"line":26,"column":13},"end":{"line":33,"column":9}},"type":"if","locations":[{"start":{"line":26,"column":13},"end":{"line":33,"column":9}},{"start":{"line":26,"column":13},"end":{"line":33,"column":9}}],"line":26}},"s":{"0":0,"1":0,"2":0,"3":0,"4":0,"5":0,"6":0,"7":0,"8":0,"9":0,"10":0},"f":{"0":0,"1":0,"2":0,"3":0},"b":{"0":[0,0],"1":[0,0]},"_coverageSchema":"332fd63041d2c1bcb487cc26dd0d5f7d97098a6c","hash":"d3cbf2789637781fbf31fb6f6e5c4f949aa8d589"}
,"/home/bridgeit/Shweta/fundooNotes/frontend/src/components/loginComponent.jsx": {"path":"/home/bridgeit/Shweta/fundooNotes/frontend/src/components/loginComponent.jsx","statementMap":{"0":{"start":{"line":10,"column":8},"end":{"line":10,"column":20}},"1":{"start":{"line":11,"column":8},"end":{"line":15,"column":9}},"2":{"start":{"line":18,"column":25},"end":{"line":18,"column":43}},"3":{"start":{"line":19,"column":8},"end":{"line":19,"column":45}},"4":{"start":{"line":22,"column":25},"end":{"line":22,"column":43}},"5":{"start":{"line":23,"column":8},"end":{"line":23,"column":45}},"6":{"start":{"line":26,"column":8},"end":{"line":26,"column":31}},"7":{"start":{"line":27,"column":8},"end":{"line":44,"column":9}},"8":{"start":{"line":28,"column":12},"end":{"line":28,"column":87}},"9":{"start":{"line":30,"column":13},"end":{"line":44,"column":9}},"10":{"start":{"line":31,"column":12},"end":{"line":31,"column":87}},"11":{"start":{"line":33,"column":13},"end":{"line":44,"column":9}},"12":{"start":{"line":34,"column":12},"end":{"line":34,"column":79}},"13":{"start":{"line":36,"column":13},"end":{"line":44,"column":9}},"14":{"start":{"line":37,"column":12},"end":{"line":37,"column":108}},"15":{"start":{"line":41,"column":12},"end":{"line":41,"column":64}},"16":{"start":{"line":42,"column":12},"end":{"line":42,"column":40}},"17":{"start":{"line":43,"column":12},"end":{"line":43,"column":40}},"18":{"start":{"line":47,"column":8},"end":{"line":47,"column":27}},"19":{"start":{"line":48,"column":8},"end":{"line":48,"column":49}},"20":{"start":{"line":51,"column":8},"end":{"line":51,"column":27}},"21":{"start":{"line":52,"column":8},"end":{"line":52,"column":51}},"22":{"start":{"line":55,"column":8},"end":{"line":89,"column":9}}},"fnMap":{"0":{"name":"(anonymous_0)","decl":{"start":{"line":9,"column":4},"end":{"line":9,"column":5}},"loc":{"start":{"line":9,"column":23},"end":{"line":16,"column":5}},"line":9},"1":{"name":"(anonymous_1)","decl":{"start":{"line":17,"column":27},"end":{"line":17,"column":28}},"loc":{"start":{"line":17,"column":38},"end":{"line":20,"column":5}},"line":17},"2":{"name":"(anonymous_2)","decl":{"start":{"line":21,"column":27},"end":{"line":21,"column":28}},"loc":{"start":{"line":21,"column":38},"end":{"line":24,"column":5}},"line":21},"3":{"name":"(anonymous_3)","decl":{"start":{"line":25,"column":19},"end":{"line":25,"column":20}},"loc":{"start":{"line":25,"column":30},"end":{"line":45,"column":5}},"line":25},"4":{"name":"(anonymous_4)","decl":{"start":{"line":46,"column":15},"end":{"line":46,"column":16}},"loc":{"start":{"line":46,"column":22},"end":{"line":49,"column":5}},"line":46},"5":{"name":"(anonymous_5)","decl":{"start":{"line":50,"column":17},"end":{"line":50,"column":18}},"loc":{"start":{"line":50,"column":24},"end":{"line":53,"column":5}},"line":50},"6":{"name":"(anonymous_6)","decl":{"start":{"line":54,"column":4},"end":{"line":54,"column":5}},"loc":{"start":{"line":54,"column":13},"end":{"line":90,"column":5}},"line":54}},"branchMap":{"0":{"loc":{"start":{"line":27,"column":8},"end":{"line":44,"column":9}},"type":"if","locations":[{"start":{"line":27,"column":8},"end":{"line":44,"column":9}},{"start":{"line":27,"column":8},"end":{"line":44,"column":9}}],"line":27},"1":{"loc":{"start":{"line":30,"column":13},"end":{"line":44,"column":9}},"type":"if","locations":[{"start":{"line":30,"column":13},"end":{"line":44,"column":9}},{"start":{"line":30,"column":13},"end":{"line":44,"column":9}}],"line":30},"2":{"loc":{"start":{"line":33,"column":13},"end":{"line":44,"column":9}},"type":"if","locations":[{"start":{"line":33,"column":13},"end":{"line":44,"column":9}},{"start":{"line":33,"column":13},"end":{"line":44,"column":9}}],"line":33},"3":{"loc":{"start":{"line":36,"column":13},"end":{"line":44,"column":9}},"type":"if","locations":[{"start":{"line":36,"column":13},"end":{"line":44,"column":9}},{"start":{"line":36,"column":13},"end":{"line":44,"column":9}}],"line":36}},"s":{"0":0,"1":0,"2":0,"3":0,"4":0,"5":0,"6":0,"7":0,"8":0,"9":0,"10":0,"11":0,"12":0,"13":0,"14":0,"15":0,"16":0,"17":0,"18":0,"19":0,"20":0,"21":0,"22":0},"f":{"0":0,"1":0,"2":0,"3":0,"4":0,"5":0,"6":0},"b":{"0":[0,0],"1":[0,0],"2":[0,0],"3":[0,0]},"_coverageSchema":"332fd63041d2c1bcb487cc26dd0d5f7d97098a6c","hash":"14072a8f4db061c1900475816f1b1e52742029df"}
,"/home/bridgeit/Shweta/fundooNotes/frontend/src/components/registerComponent.jsx": {"path":"/home/bridgeit/Shweta/fundooNotes/frontend/src/components/registerComponent.jsx","statementMap":{"0":{"start":{"line":9,"column":8},"end":{"line":9,"column":20}},"1":{"start":{"line":10,"column":8},"end":{"line":18,"column":9}},"2":{"start":{"line":19,"column":8},"end":{"line":19,"column":35}},"3":{"start":{"line":22,"column":22},"end":{"line":22,"column":40}},"4":{"start":{"line":23,"column":8},"end":{"line":23,"column":39}},"5":{"start":{"line":26,"column":22},"end":{"line":26,"column":40}},"6":{"start":{"line":27,"column":8},"end":{"line":27,"column":39}},"7":{"start":{"line":30,"column":25},"end":{"line":30,"column":43}},"8":{"start":{"line":31,"column":8},"end":{"line":31,"column":45}},"9":{"start":{"line":34,"column":29},"end":{"line":34,"column":47}},"10":{"start":{"line":35,"column":8},"end":{"line":35,"column":53}},"11":{"start":{"line":38,"column":25},"end":{"line":38,"column":43}},"12":{"start":{"line":39,"column":8},"end":{"line":39,"column":45}},"13":{"start":{"line":42,"column":28},"end":{"line":42,"column":46}},"14":{"start":{"line":43,"column":8},"end":{"line":43,"column":51}},"15":{"start":{"line":46,"column":8},"end":{"line":46,"column":31}},"16":{"start":{"line":47,"column":8},"end":{"line":84,"column":9}},"17":{"start":{"line":48,"column":12},"end":{"line":48,"column":92}},"18":{"start":{"line":50,"column":13},"end":{"line":84,"column":9}},"19":{"start":{"line":51,"column":12},"end":{"line":51,"column":91}},"20":{"start":{"line":53,"column":13},"end":{"line":84,"column":9}},"21":{"start":{"line":54,"column":12},"end":{"line":54,"column":87}},"22":{"start":{"line":56,"column":13},"end":{"line":84,"column":9}},"23":{"start":{"line":57,"column":12},"end":{"line":57,"column":79}},"24":{"start":{"line":59,"column":13},"end":{"line":84,"column":9}},"25":{"start":{"line":60,"column":12},"end":{"line":60,"column":95}},"26":{"start":{"line":62,"column":13},"end":{"line":84,"column":9}},"27":{"start":{"line":63,"column":12},"end":{"line":63,"column":87}},"28":{"start":{"line":65,"column":13},"end":{"line":84,"column":9}},"29":{"start":{"line":66,"column":12},"end":{"line":66,"column":102}},"30":{"start":{"line":68,"column":13},"end":{"line":84,"column":9}},"31":{"start":{"line":69,"column":12},"end":{"line":69,"column":90}},"32":{"start":{"line":71,"column":13},"end":{"line":84,"column":9}},"33":{"start":{"line":72,"column":12},"end":{"line":72,"column":111}},"34":{"start":{"line":74,"column":13},"end":{"line":84,"column":9}},"35":{"start":{"line":75,"column":12},"end":{"line":75,"column":98}},"36":{"start":{"line":77,"column":13},"end":{"line":84,"column":9}},"37":{"start":{"line":78,"column":12},"end":{"line":78,"column":108}},"38":{"start":{"line":82,"column":12},"end":{"line":82,"column":35}},"39":{"start":{"line":83,"column":12},"end":{"line":83,"column":103}},"40":{"start":{"line":88,"column":8},"end":{"line":88,"column":37}},"41":{"start":{"line":89,"column":8},"end":{"line":89,"column":31}},"42":{"start":{"line":90,"column":8},"end":{"line":90,"column":49}},"43":{"start":{"line":93,"column":8},"end":{"line":125,"column":9}}},"fnMap":{"0":{"name":"(anonymous_0)","decl":{"start":{"line":8,"column":4},"end":{"line":8,"column":5}},"loc":{"start":{"line":8,"column":23},"end":{"line":20,"column":5}},"line":8},"1":{"name":"(anonymous_1)","decl":{"start":{"line":21,"column":24},"end":{"line":21,"column":25}},"loc":{"start":{"line":21,"column":35},"end":{"line":24,"column":5}},"line":21},"2":{"name":"(anonymous_2)","decl":{"start":{"line":25,"column":24},"end":{"line":25,"column":25}},"loc":{"start":{"line":25,"column":35},"end":{"line":28,"column":5}},"line":25},"3":{"name":"(anonymous_3)","decl":{"start":{"line":29,"column":27},"end":{"line":29,"column":28}},"loc":{"start":{"line":29,"column":38},"end":{"line":32,"column":5}},"line":29},"4":{"name":"(anonymous_4)","decl":{"start":{"line":33,"column":31},"end":{"line":33,"column":32}},"loc":{"start":{"line":33,"column":42},"end":{"line":36,"column":5}},"line":33},"5":{"name":"(anonymous_5)","decl":{"start":{"line":37,"column":27},"end":{"line":37,"column":28}},"loc":{"start":{"line":37,"column":38},"end":{"line":40,"column":5}},"line":37},"6":{"name":"(anonymous_6)","decl":{"start":{"line":41,"column":30},"end":{"line":41,"column":31}},"loc":{"start":{"line":41,"column":41},"end":{"line":44,"column":5}},"line":41},"7":{"name":"(anonymous_7)","decl":{"start":{"line":45,"column":19},"end":{"line":45,"column":20}},"loc":{"start":{"line":45,"column":30},"end":{"line":85,"column":5}},"line":45},"8":{"name":"(anonymous_8)","decl":{"start":{"line":87,"column":16},"end":{"line":87,"column":17}},"loc":{"start":{"line":87,"column":27},"end":{"line":91,"column":5}},"line":87},"9":{"name":"(anonymous_9)","decl":{"start":{"line":92,"column":4},"end":{"line":92,"column":5}},"loc":{"start":{"line":92,"column":13},"end":{"line":126,"column":5}},"line":92}},"branchMap":{"0":{"loc":{"start":{"line":47,"column":8},"end":{"line":84,"column":9}},"type":"if","locations":[{"start":{"line":47,"column":8},"end":{"line":84,"column":9}},{"start":{"line":47,"column":8},"end":{"line":84,"column":9}}],"line":47},"1":{"loc":{"start":{"line":50,"column":13},"end":{"line":84,"column":9}},"type":"if","locations":[{"start":{"line":50,"column":13},"end":{"line":84,"column":9}},{"start":{"line":50,"column":13},"end":{"line":84,"column":9}}],"line":50},"2":{"loc":{"start":{"line":53,"column":13},"end":{"line":84,"column":9}},"type":"if","locations":[{"start":{"line":53,"column":13},"end":{"line":84,"column":9}},{"start":{"line":53,"column":13},"end":{"line":84,"column":9}}],"line":53},"3":{"loc":{"start":{"line":56,"column":13},"end":{"line":84,"column":9}},"type":"if","locations":[{"start":{"line":56,"column":13},"end":{"line":84,"column":9}},{"start":{"line":56,"column":13},"end":{"line":84,"column":9}}],"line":56},"4":{"loc":{"start":{"line":59,"column":13},"end":{"line":84,"column":9}},"type":"if","locations":[{"start":{"line":59,"column":13},"end":{"line":84,"column":9}},{"start":{"line":59,"column":13},"end":{"line":84,"column":9}}],"line":59},"5":{"loc":{"start":{"line":62,"column":13},"end":{"line":84,"column":9}},"type":"if","locations":[{"start":{"line":62,"column":13},"end":{"line":84,"column":9}},{"start":{"line":62,"column":13},"end":{"line":84,"column":9}}],"line":62},"6":{"loc":{"start":{"line":65,"column":13},"end":{"line":84,"column":9}},"type":"if","locations":[{"start":{"line":65,"column":13},"end":{"line":84,"column":9}},{"start":{"line":65,"column":13},"end":{"line":84,"column":9}}],"line":65},"7":{"loc":{"start":{"line":68,"column":13},"end":{"line":84,"column":9}},"type":"if","locations":[{"start":{"line":68,"column":13},"end":{"line":84,"column":9}},{"start":{"line":68,"column":13},"end":{"line":84,"column":9}}],"line":68},"8":{"loc":{"start":{"line":71,"column":13},"end":{"line":84,"column":9}},"type":"if","locations":[{"start":{"line":71,"column":13},"end":{"line":84,"column":9}},{"start":{"line":71,"column":13},"end":{"line":84,"column":9}}],"line":71},"9":{"loc":{"start":{"line":74,"column":13},"end":{"line":84,"column":9}},"type":"if","locations":[{"start":{"line":74,"column":13},"end":{"line":84,"column":9}},{"start":{"line":74,"column":13},"end":{"line":84,"column":9}}],"line":74},"10":{"loc":{"start":{"line":77,"column":13},"end":{"line":84,"column":9}},"type":"if","locations":[{"start":{"line":77,"column":13},"end":{"line":84,"column":9}},{"start":{"line":77,"column":13},"end":{"line":84,"column":9}}],"line":77}},"s":{"0":0,"1":0,"2":0,"3":0,"4":0,"5":0,"6":0,"7":0,"8":0,"9":0,"10":0,"11":0,"12":0,"13":0,"14":0,"15":0,"16":0,"17":0,"18":0,"19":0,"20":0,"21":0,"22":0,"23":0,"24":0,"25":0,"26":0,"27":0,"28":0,"29":0,"30":0,"31":0,"32":0,"33":0,"34":0,"35":0,"36":0,"37":0,"38":0,"39":0,"40":0,"41":0,"42":0,"43":0},"f":{"0":0,"1":0,"2":0,"3":0,"4":0,"5":0,"6":0,"7":0,"8":0,"9":0},"b":{"0":[0,0],"1":[0,0],"2":[0,0],"3":[0,0],"4":[0,0],"5":[0,0],"6":[0,0],"7":[0,0],"8":[0,0],"9":[0,0],"10":[0,0]},"_coverageSchema":"332fd63041d2c1bcb487cc26dd0d5f7d97098a6c","hash":"2ca1ba7a35b5f723f44865a175d87ef982d5081a"}
,"/home/bridgeit/Shweta/fundooNotes/frontend/src/components/resetPassComponent.jsx": {"path":"/home/bridgeit/Shweta/fundooNotes/frontend/src/components/resetPassComponent.jsx","statementMap":{"0":{"start":{"line":10,"column":8},"end":{"line":10,"column":20}},"1":{"start":{"line":11,"column":8},"end":{"line":15,"column":9}},"2":{"start":{"line":18,"column":25},"end":{"line":18,"column":43}},"3":{"start":{"line":19,"column":8},"end":{"line":19,"column":45}},"4":{"start":{"line":23,"column":28},"end":{"line":23,"column":46}},"5":{"start":{"line":24,"column":8},"end":{"line":24,"column":51}},"6":{"start":{"line":28,"column":8},"end":{"line":28,"column":31}},"7":{"start":{"line":29,"column":8},"end":{"line":52,"column":9}},"8":{"start":{"line":30,"column":12},"end":{"line":30,"column":87}},"9":{"start":{"line":32,"column":13},"end":{"line":52,"column":9}},"10":{"start":{"line":33,"column":12},"end":{"line":33,"column":95}},"11":{"start":{"line":35,"column":13},"end":{"line":52,"column":9}},"12":{"start":{"line":36,"column":12},"end":{"line":36,"column":111}},"13":{"start":{"line":38,"column":13},"end":{"line":52,"column":9}},"14":{"start":{"line":39,"column":12},"end":{"line":39,"column":119}},"15":{"start":{"line":41,"column":13},"end":{"line":52,"column":9}},"16":{"start":{"line":42,"column":12},"end":{"line":42,"column":108}},"17":{"start":{"line":46,"column":12},"end":{"line":46,"column":35}},"18":{"start":{"line":47,"column":30},"end":{"line":47,"column":54}},"19":{"start":{"line":48,"column":36},"end":{"line":48,"column":58}},"20":{"start":{"line":49,"column":12},"end":{"line":49,"column":81}},"21":{"start":{"line":50,"column":12},"end":{"line":50,"column":81}},"22":{"start":{"line":51,"column":12},"end":{"line":51,"column":66}},"23":{"start":{"line":56,"column":8},"end":{"line":81,"column":9}}},"fnMap":{"0":{"name":"(anonymous_0)","decl":{"start":{"line":9,"column":4},"end":{"line":9,"column":5}},"loc":{"start":{"line":9,"column":23},"end":{"line":16,"column":5}},"line":9},"1":{"name":"(anonymous_1)","decl":{"start":{"line":17,"column":27},"end":{"line":17,"column":28}},"loc":{"start":{"line":17,"column":38},"end":{"line":20,"column":5}},"line":17},"2":{"name":"(anonymous_2)","decl":{"start":{"line":22,"column":30},"end":{"line":22,"column":31}},"loc":{"start":{"line":22,"column":41},"end":{"line":25,"column":5}},"line":22},"3":{"name":"(anonymous_3)","decl":{"start":{"line":27,"column":19},"end":{"line":27,"column":20}},"loc":{"start":{"line":27,"column":30},"end":{"line":53,"column":5}},"line":27},"4":{"name":"(anonymous_4)","decl":{"start":{"line":55,"column":4},"end":{"line":55,"column":5}},"loc":{"start":{"line":55,"column":13},"end":{"line":82,"column":5}},"line":55}},"branchMap":{"0":{"loc":{"start":{"line":29,"column":8},"end":{"line":52,"column":9}},"type":"if","locations":[{"start":{"line":29,"column":8},"end":{"line":52,"column":9}},{"start":{"line":29,"column":8},"end":{"line":52,"column":9}}],"line":29},"1":{"loc":{"start":{"line":32,"column":13},"end":{"line":52,"column":9}},"type":"if","locations":[{"start":{"line":32,"column":13},"end":{"line":52,"column":9}},{"start":{"line":32,"column":13},"end":{"line":52,"column":9}}],"line":32},"2":{"loc":{"start":{"line":35,"column":13},"end":{"line":52,"column":9}},"type":"if","locations":[{"start":{"line":35,"column":13},"end":{"line":52,"column":9}},{"start":{"line":35,"column":13},"end":{"line":52,"column":9}}],"line":35},"3":{"loc":{"start":{"line":38,"column":13},"end":{"line":52,"column":9}},"type":"if","locations":[{"start":{"line":38,"column":13},"end":{"line":52,"column":9}},{"start":{"line":38,"column":13},"end":{"line":52,"column":9}}],"line":38},"4":{"loc":{"start":{"line":41,"column":13},"end":{"line":52,"column":9}},"type":"if","locations":[{"start":{"line":41,"column":13},"end":{"line":52,"column":9}},{"start":{"line":41,"column":13},"end":{"line":52,"column":9}}],"line":41}},"s":{"0":0,"1":0,"2":0,"3":0,"4":0,"5":0,"6":0,"7":0,"8":0,"9":0,"10":0,"11":0,"12":0,"13":0,"14":0,"15":0,"16":0,"17":0,"18":0,"19":0,"20":0,"21":0,"22":0,"23":0},"f":{"0":0,"1":0,"2":0,"3":0,"4":0},"b":{"0":[0,0],"1":[0,0],"2":[0,0],"3":[0,0],"4":[0,0]},"_coverageSchema":"332fd63041d2c1bcb487cc26dd0d5f7d97098a6c","hash":"ad3ff09d91f5990742f14570f60712540368aecb"}
,"/home/bridgeit/Shweta/fundooNotes/frontend/src/components/verifyemailComponent.jsx": {"path":"/home/bridgeit/Shweta/fundooNotes/frontend/src/components/verifyemailComponent.jsx","statementMap":{"0":{"start":{"line":7,"column":18},"end":{"line":7,"column":42}},"1":{"start":{"line":8,"column":29},"end":{"line":8,"column":43}},"2":{"start":{"line":9,"column":8},"end":{"line":9,"column":78}},"3":{"start":{"line":10,"column":8},"end":{"line":10,"column":33}},"4":{"start":{"line":13,"column":8},"end":{"line":31,"column":9}}},"fnMap":{"0":{"name":"(anonymous_0)","decl":{"start":{"line":6,"column":17},"end":{"line":6,"column":18}},"loc":{"start":{"line":6,"column":21},"end":{"line":11,"column":5}},"line":6},"1":{"name":"(anonymous_1)","decl":{"start":{"line":12,"column":4},"end":{"line":12,"column":5}},"loc":{"start":{"line":12,"column":13},"end":{"line":31,"column":10}},"line":12}},"branchMap":{},"s":{"0":0,"1":0,"2":0,"3":0,"4":0},"f":{"0":0,"1":0},"b":{},"_coverageSchema":"332fd63041d2c1bcb487cc26dd0d5f7d97098a6c","hash":"1ddd5703c66ac375020b6b5a04d526ea6f7c43f8"}
,"/home/bridgeit/Shweta/fundooNotes/frontend/src/pages/DashboardUI.jsx": {"path":"/home/bridgeit/Shweta/fundooNotes/frontend/src/pages/DashboardUI.jsx","statementMap":{"0":{"start":{"line":7,"column":8},"end":{"line":7,"column":27}},"1":{"start":{"line":8,"column":8},"end":{"line":8,"column":29}},"2":{"start":{"line":9,"column":8},"end":{"line":9,"column":42}},"3":{"start":{"line":12,"column":8},"end":{"line":22,"column":10}}},"fnMap":{"0":{"name":"(anonymous_0)","decl":{"start":{"line":6,"column":13},"end":{"line":6,"column":14}},"loc":{"start":{"line":6,"column":20},"end":{"line":10,"column":5}},"line":6},"1":{"name":"(anonymous_1)","decl":{"start":{"line":11,"column":4},"end":{"line":11,"column":5}},"loc":{"start":{"line":11,"column":13},"end":{"line":23,"column":5}},"line":11}},"branchMap":{},"s":{"0":0,"1":0,"2":0,"3":0},"f":{"0":0,"1":0},"b":{},"_coverageSchema":"332fd63041d2c1bcb487cc26dd0d5f7d97098a6c","hash":"42ec12b739d5008876f7eccb4aa760577dd00276"}
,"/home/bridgeit/Shweta/fundooNotes/frontend/src/pages/EmailVerifyUI.jsx": {"path":"/home/bridgeit/Shweta/fundooNotes/frontend/src/pages/EmailVerifyUI.jsx","statementMap":{"0":{"start":{"line":5,"column":8},"end":{"line":14,"column":10}}},"fnMap":{"0":{"name":"(anonymous_0)","decl":{"start":{"line":4,"column":4},"end":{"line":4,"column":5}},"loc":{"start":{"line":4,"column":13},"end":{"line":16,"column":5}},"line":4}},"branchMap":{},"s":{"0":0},"f":{"0":0},"b":{},"_coverageSchema":"332fd63041d2c1bcb487cc26dd0d5f7d97098a6c","hash":"4ca98ea88282b430bcd5c58186d2303f08e42dd3"}
,"/home/bridgeit/Shweta/fundooNotes/frontend/src/pages/ForgetPassUI.jsx": {"path":"/home/bridgeit/Shweta/fundooNotes/frontend/src/pages/ForgetPassUI.jsx","statementMap":{"0":{"start":{"line":5,"column":8},"end":{"line":5,"column":29}},"1":{"start":{"line":6,"column":8},"end":{"line":16,"column":10}}},"fnMap":{"0":{"name":"(anonymous_0)","decl":{"start":{"line":4,"column":4},"end":{"line":4,"column":5}},"loc":{"start":{"line":4,"column":13},"end":{"line":17,"column":5}},"line":4}},"branchMap":{},"s":{"0":0,"1":0},"f":{"0":0},"b":{},"_coverageSchema":"332fd63041d2c1bcb487cc26dd0d5f7d97098a6c","hash":"eea94431937d0c9cc449c251118006f1e69444ff"}
,"/home/bridgeit/Shweta/fundooNotes/frontend/src/pages/LoginUI.jsx": {"path":"/home/bridgeit/Shweta/fundooNotes/frontend/src/pages/LoginUI.jsx","statementMap":{"0":{"start":{"line":5,"column":8},"end":{"line":5,"column":29}},"1":{"start":{"line":6,"column":8},"end":{"line":15,"column":10}}},"fnMap":{"0":{"name":"(anonymous_0)","decl":{"start":{"line":4,"column":4},"end":{"line":4,"column":5}},"loc":{"start":{"line":4,"column":13},"end":{"line":16,"column":5}},"line":4}},"branchMap":{},"s":{"0":2,"1":2},"f":{"0":2},"b":{},"_coverageSchema":"332fd63041d2c1bcb487cc26dd0d5f7d97098a6c","hash":"affcfb9b8e1d7c634f595d8f1a9b641e6d4c2d07"}
,"/home/bridgeit/Shweta/fundooNotes/frontend/src/pages/RegisterUI.jsx": {"path":"/home/bridgeit/Shweta/fundooNotes/frontend/src/pages/RegisterUI.jsx","statementMap":{"0":{"start":{"line":5,"column":8},"end":{"line":5,"column":29}},"1":{"start":{"line":6,"column":8},"end":{"line":16,"column":10}}},"fnMap":{"0":{"name":"(anonymous_0)","decl":{"start":{"line":4,"column":4},"end":{"line":4,"column":5}},"loc":{"start":{"line":4,"column":13},"end":{"line":17,"column":5}},"line":4}},"branchMap":{},"s":{"0":2,"1":2},"f":{"0":2},"b":{},"_coverageSchema":"332fd63041d2c1bcb487cc26dd0d5f7d97098a6c","hash":"305e8f28e927e167c9f20bdd73f8e70c961e3806"}
,"/home/bridgeit/Shweta/fundooNotes/frontend/src/pages/ResetPasswordUI.jsx": {"path":"/home/bridgeit/Shweta/fundooNotes/frontend/src/pages/ResetPasswordUI.jsx","statementMap":{"0":{"start":{"line":5,"column":8},"end":{"line":23,"column":10}}},"fnMap":{"0":{"name":"(anonymous_0)","decl":{"start":{"line":4,"column":4},"end":{"line":4,"column":5}},"loc":{"start":{"line":4,"column":13},"end":{"line":24,"column":5}},"line":4}},"branchMap":{},"s":{"0":0},"f":{"0":0},"b":{},"_coverageSchema":"332fd63041d2c1bcb487cc26dd0d5f7d97098a6c","hash":"2338c59b2cffd8df188337d45c98d773196f2e8a"}
,"/home/bridgeit/Shweta/fundooNotes/frontend/src/services/userService.js": {"path":"/home/bridgeit/Shweta/fundooNotes/frontend/src/services/userService.js","statementMap":{"0":{"start":{"line":11,"column":4},"end":{"line":28,"column":11}},"1":{"start":{"line":20,"column":27},"end":{"line":20,"column":40}},"2":{"start":{"line":21,"column":27},"end":{"line":21,"column":47}},"3":{"start":{"line":22,"column":12},"end":{"line":22,"column":56}},"4":{"start":{"line":23,"column":12},"end":{"line":23,"column":65}},"5":{"start":{"line":26,"column":12},"end":{"line":26,"column":29}},"6":{"start":{"line":27,"column":12},"end":{"line":27,"column":62}},"7":{"start":{"line":32,"column":4},"end":{"line":32,"column":51}},"8":{"start":{"line":33,"column":4},"end":{"line":43,"column":11}},"9":{"start":{"line":37,"column":12},"end":{"line":37,"column":48}},"10":{"start":{"line":41,"column":12},"end":{"line":41,"column":29}},"11":{"start":{"line":42,"column":12},"end":{"line":42,"column":66}},"12":{"start":{"line":47,"column":4},"end":{"line":60,"column":11}},"13":{"start":{"line":53,"column":12},"end":{"line":53,"column":63}},"14":{"start":{"line":54,"column":12},"end":{"line":54,"column":55}},"15":{"start":{"line":55,"column":12},"end":{"line":55,"column":47}},"16":{"start":{"line":58,"column":12},"end":{"line":58,"column":29}},"17":{"start":{"line":59,"column":12},"end":{"line":59,"column":61}},"18":{"start":{"line":64,"column":4},"end":{"line":78,"column":7}},"19":{"start":{"line":69,"column":8},"end":{"line":69,"column":77}},"20":{"start":{"line":70,"column":23},"end":{"line":70,"column":36}},"21":{"start":{"line":71,"column":23},"end":{"line":71,"column":43}},"22":{"start":{"line":72,"column":8},"end":{"line":72,"column":56}},"23":{"start":{"line":73,"column":8},"end":{"line":73,"column":72}},"24":{"start":{"line":76,"column":8},"end":{"line":76,"column":25}},"25":{"start":{"line":77,"column":8},"end":{"line":77,"column":34}},"26":{"start":{"line":83,"column":4},"end":{"line":83,"column":62}},"27":{"start":{"line":84,"column":4},"end":{"line":84,"column":56}},"28":{"start":{"line":86,"column":4},"end":{"line":97,"column":7}},"29":{"start":{"line":91,"column":8},"end":{"line":91,"column":47}},"30":{"start":{"line":92,"column":12},"end":{"line":92,"column":43}},"31":{"start":{"line":95,"column":8},"end":{"line":95,"column":25}},"32":{"start":{"line":96,"column":8},"end":{"line":96,"column":67}}},"fnMap":{"0":{"name":"userRegister","decl":{"start":{"line":10,"column":9},"end":{"line":10,"column":21}},"loc":{"start":{"line":10,"column":56},"end":{"line":29,"column":1}},"line":10},"1":{"name":"(anonymous_1)","decl":{"start":{"line":18,"column":14},"end":{"line":18,"column":15}},"loc":{"start":{"line":18,"column":34},"end":{"line":24,"column":9}},"line":18},"2":{"name":"(anonymous_2)","decl":{"start":{"line":25,"column":15},"end":{"line":25,"column":16}},"loc":{"start":{"line":25,"column":30},"end":{"line":28,"column":9}},"line":25},"3":{"name":"checkToken","decl":{"start":{"line":31,"column":9},"end":{"line":31,"column":19}},"loc":{"start":{"line":31,"column":27},"end":{"line":44,"column":1}},"line":31},"4":{"name":"(anonymous_4)","decl":{"start":{"line":36,"column":14},"end":{"line":36,"column":15}},"loc":{"start":{"line":36,"column":34},"end":{"line":39,"column":9}},"line":36},"5":{"name":"(anonymous_5)","decl":{"start":{"line":40,"column":15},"end":{"line":40,"column":16}},"loc":{"start":{"line":40,"column":30},"end":{"line":43,"column":9}},"line":40},"6":{"name":"userLogin","decl":{"start":{"line":46,"column":9},"end":{"line":46,"column":18}},"loc":{"start":{"line":46,"column":39},"end":{"line":61,"column":1}},"line":46},"7":{"name":"(anonymous_7)","decl":{"start":{"line":52,"column":14},"end":{"line":52,"column":15}},"loc":{"start":{"line":52,"column":34},"end":{"line":56,"column":9}},"line":52},"8":{"name":"(anonymous_8)","decl":{"start":{"line":57,"column":15},"end":{"line":57,"column":16}},"loc":{"start":{"line":57,"column":30},"end":{"line":60,"column":9}},"line":57},"9":{"name":"forgetPassword","decl":{"start":{"line":63,"column":9},"end":{"line":63,"column":23}},"loc":{"start":{"line":63,"column":34},"end":{"line":79,"column":1}},"line":63},"10":{"name":"(anonymous_10)","decl":{"start":{"line":68,"column":10},"end":{"line":68,"column":11}},"loc":{"start":{"line":68,"column":30},"end":{"line":74,"column":5}},"line":68},"11":{"name":"(anonymous_11)","decl":{"start":{"line":75,"column":11},"end":{"line":75,"column":12}},"loc":{"start":{"line":75,"column":26},"end":{"line":78,"column":5}},"line":75},"12":{"name":"resetPassword","decl":{"start":{"line":82,"column":9},"end":{"line":82,"column":22}},"loc":{"start":{"line":82,"column":39},"end":{"line":98,"column":1}},"line":82},"13":{"name":"(anonymous_13)","decl":{"start":{"line":90,"column":10},"end":{"line":90,"column":11}},"loc":{"start":{"line":90,"column":30},"end":{"line":93,"column":5}},"line":90},"14":{"name":"(anonymous_14)","decl":{"start":{"line":94,"column":11},"end":{"line":94,"column":12}},"loc":{"start":{"line":94,"column":26},"end":{"line":97,"column":5}},"line":94}},"branchMap":{},"s":{"0":0,"1":0,"2":0,"3":0,"4":0,"5":0,"6":0,"7":0,"8":0,"9":0,"10":0,"11":0,"12":0,"13":0,"14":0,"15":0,"16":0,"17":0,"18":0,"19":0,"20":0,"21":0,"22":0,"23":0,"24":0,"25":0,"26":0,"27":0,"28":0,"29":0,"30":0,"31":0,"32":0},"f":{"0":0,"1":0,"2":0,"3":0,"4":0,"5":0,"6":0,"7":0,"8":0,"9":0,"10":0,"11":0,"12":0,"13":0,"14":0},"b":{},"_coverageSchema":"332fd63041d2c1bcb487cc26dd0d5f7d97098a6c","hash":"ba189b3b7ffd9e029337c5d9b79c204154d3494a"}
}
